<?xml version="1.0" encoding="UTF-8"?>
<testng-results skipped="0" failed="0" ignored="0" total="1" passed="1">
  <reporter-output>
  </reporter-output>
  <suite name="Ace Turtle Assignment" duration-ms="61431" started-at="2019-04-14T16:45:45Z" finished-at="2019-04-14T16:46:46Z">
    <groups>
    </groups>
    <test name="Puma basic scenario" duration-ms="61431" started-at="2019-04-14T16:45:45Z" finished-at="2019-04-14T16:46:46Z">
      <class name="com.aceturtle.qa.tests.Assignment">
        <test-method status="PASS" signature="setup(java.lang.reflect.Method)[pri:0, instance:com.aceturtle.qa.tests.Assignment@783e6358]" name="setup" is-config="true" duration-ms="34228" started-at="2019-04-14T16:45:45Z" finished-at="2019-04-14T16:46:19Z">
          <params>
            <param index="0">
              <value>
                <![CDATA[public void com.aceturtle.qa.tests.Assignment.test() throws java.lang.InterruptedException]]>
              </value>
            </param>
          </params>
          <reporter-output>
          </reporter-output>
        </test-method> <!-- setup -->
        <test-method status="PASS" signature="test()[pri:0, instance:com.aceturtle.qa.tests.Assignment@783e6358]" name="test" duration-ms="27181" started-at="2019-04-14T16:46:19Z" finished-at="2019-04-14T16:46:46Z">
          <reporter-output>
          </reporter-output>
        </test-method> <!-- test -->
      </class> <!-- com.aceturtle.qa.tests.Assignment -->
    </test> <!-- Puma basic scenario -->
  </suite> <!-- Ace Turtle Assignment -->
</testng-results>
